[2017-04-11 20:29:49.638] [INFO] pomelo - [32m[/Users/bingbing/pomelo_project/ChessServerPomelo/game-server/node_modules/pomelo/lib/application.js] [39mapplication inited: "connector-server-2"
[2017-04-11 20:29:50.942] [INFO] pomelo - [32m[/Users/bingbing/pomelo_project/ChessServerPomelo/game-server/node_modules/pomelo/lib/application.js] [39m"connector-server-2" enter after start...
[2017-04-11 20:29:50.967] [INFO] pomelo - [32m[/Users/bingbing/pomelo_project/ChessServerPomelo/game-server/node_modules/pomelo/lib/application.js] [39m"connector-server-2" finish start
[2017-04-11 20:29:50.967] [INFO] pomelo - [32m[/Users/bingbing/pomelo_project/ChessServerPomelo/game-server/node_modules/pomelo/lib/application.js] [39m"connector-server-2" startup in 1135 ms
[2017-04-11 20:59:02.759] [INFO] pomelo - [32m[/Users/bingbing/pomelo_project/ChessServerPomelo/game-server/node_modules/pomelo/lib/application.js] [39mapplication inited: "connector-server-2"
[2017-04-11 20:59:03.736] [INFO] pomelo - [32m[/Users/bingbing/pomelo_project/ChessServerPomelo/game-server/node_modules/pomelo/lib/application.js] [39m"connector-server-2" enter after start...
[2017-04-11 20:59:03.742] [INFO] pomelo - [32m[/Users/bingbing/pomelo_project/ChessServerPomelo/game-server/node_modules/pomelo/lib/application.js] [39m"connector-server-2" finish start
[2017-04-11 20:59:03.742] [INFO] pomelo - [32m[/Users/bingbing/pomelo_project/ChessServerPomelo/game-server/node_modules/pomelo/lib/application.js] [39m"connector-server-2" startup in 806 ms
[2017-04-11 21:02:35.281] [INFO] pomelo - [32m[/Users/bingbing/pomelo_project/ChessServerPomelo/game-server/node_modules/pomelo/lib/application.js] [39mapplication inited: "connector-server-2"
[2017-04-11 21:02:36.255] [INFO] pomelo - [32m[/Users/bingbing/pomelo_project/ChessServerPomelo/game-server/node_modules/pomelo/lib/application.js] [39m"connector-server-2" enter after start...
[2017-04-11 21:02:36.258] [INFO] pomelo - [32m[/Users/bingbing/pomelo_project/ChessServerPomelo/game-server/node_modules/pomelo/lib/application.js] [39m"connector-server-2" finish start
[2017-04-11 21:02:36.259] [INFO] pomelo - [32m[/Users/bingbing/pomelo_project/ChessServerPomelo/game-server/node_modules/pomelo/lib/application.js] [39m"connector-server-2" startup in 796 ms
[2017-04-11 21:02:58.906] [DEBUG] pomelo - [36m[/Users/bingbing/pomelo_project/ChessServerPomelo/game-server/node_modules/pomelo/lib/modules/monitorwatcher.js] [39mconnector-server-2 receive removeServer signal: {"action":"removeServer","id":"chat-server-1"}
[2017-04-11 21:03:10.360] [INFO] pomelo - [32m[/Users/bingbing/pomelo_project/ChessServerPomelo/game-server/node_modules/pomelo/lib/application.js] [39mapplication inited: "connector-server-2"
[2017-04-11 21:03:11.478] [INFO] pomelo - [32m[/Users/bingbing/pomelo_project/ChessServerPomelo/game-server/node_modules/pomelo/lib/application.js] [39m"connector-server-2" enter after start...
[2017-04-11 21:03:11.483] [INFO] pomelo - [32m[/Users/bingbing/pomelo_project/ChessServerPomelo/game-server/node_modules/pomelo/lib/application.js] [39m"connector-server-2" finish start
[2017-04-11 21:03:11.483] [INFO] pomelo - [32m[/Users/bingbing/pomelo_project/ChessServerPomelo/game-server/node_modules/pomelo/lib/application.js] [39m"connector-server-2" startup in 924 ms
[2017-04-11 21:04:48.846] [INFO] pomelo - [32m[/Users/bingbing/pomelo_project/ChessServerPomelo/game-server/node_modules/pomelo/lib/application.js] [39mapplication inited: "connector-server-2"
[2017-04-11 21:04:49.651] [INFO] pomelo - [32m[/Users/bingbing/pomelo_project/ChessServerPomelo/game-server/node_modules/pomelo/lib/application.js] [39m"connector-server-2" enter after start...
[2017-04-11 21:04:49.654] [INFO] pomelo - [32m[/Users/bingbing/pomelo_project/ChessServerPomelo/game-server/node_modules/pomelo/lib/application.js] [39m"connector-server-2" finish start
[2017-04-11 21:04:49.654] [INFO] pomelo - [32m[/Users/bingbing/pomelo_project/ChessServerPomelo/game-server/node_modules/pomelo/lib/application.js] [39m"connector-server-2" startup in 664 ms
[2017-04-11 21:06:09.655] [DEBUG] pomelo - [36m[/Users/bingbing/pomelo_project/ChessServerPomelo/game-server/node_modules/pomelo/lib/components/connector.js] [39m[connector-server-2] getSession session is created with session id: 1
[2017-04-11 21:06:12.236] [DEBUG] pomelo - [36m[/Users/bingbing/pomelo_project/ChessServerPomelo/game-server/node_modules/pomelo/lib/common/service/sessionService.js] [39msession on [connector-server-2] is closed with session id: 1
[2017-04-11 21:06:45.982] [INFO] pomelo - [32m[/Users/bingbing/pomelo_project/ChessServerPomelo/game-server/node_modules/pomelo/lib/application.js] [39mapplication inited: "connector-server-2"
[2017-04-11 21:06:47.025] [INFO] pomelo - [32m[/Users/bingbing/pomelo_project/ChessServerPomelo/game-server/node_modules/pomelo/lib/application.js] [39m"connector-server-2" enter after start...
[2017-04-11 21:06:47.033] [INFO] pomelo - [32m[/Users/bingbing/pomelo_project/ChessServerPomelo/game-server/node_modules/pomelo/lib/application.js] [39m"connector-server-2" finish start
[2017-04-11 21:06:47.034] [INFO] pomelo - [32m[/Users/bingbing/pomelo_project/ChessServerPomelo/game-server/node_modules/pomelo/lib/application.js] [39m"connector-server-2" startup in 852 ms
[2017-04-11 21:06:47.083] [DEBUG] pomelo - [36m[/Users/bingbing/pomelo_project/ChessServerPomelo/game-server/node_modules/pomelo/lib/modules/monitorwatcher.js] [39m[connector-server-2] receive addServer signal: {"action":"addServer","server":{"main":"/Users/bingbing/pomelo_project/ChessServerPomelo/game-server/app.js","env":"development","id":"connector-server-3","host":"127.0.0.1","port":4052,"clientPort":3052,"frontend":"true","serverType":"connector","pid":10761}}
[2017-04-11 21:06:56.721] [DEBUG] pomelo - [36m[/Users/bingbing/pomelo_project/ChessServerPomelo/game-server/node_modules/pomelo/lib/components/connector.js] [39m[connector-server-2] getSession session is created with session id: 1
[2017-04-11 21:07:11.420] [DEBUG] pomelo - [36m[/Users/bingbing/pomelo_project/ChessServerPomelo/game-server/node_modules/pomelo/lib/common/service/sessionService.js] [39msession on [connector-server-2] is closed with session id: 1
[2017-04-11 21:07:18.970] [DEBUG] pomelo - [36m[/Users/bingbing/pomelo_project/ChessServerPomelo/game-server/node_modules/pomelo/lib/components/connector.js] [39m[connector-server-2] getSession session is created with session id: 2
[2017-04-11 21:07:23.723] [DEBUG] pomelo - [36m[/Users/bingbing/pomelo_project/ChessServerPomelo/game-server/node_modules/pomelo/lib/common/service/sessionService.js] [39msession on [connector-server-2] is closed with session id: 2
[2017-04-11 21:10:22.021] [INFO] pomelo - [32m[/Users/bingbing/pomelo_project/ChessServerPomelo/game-server/node_modules/pomelo/lib/application.js] [39mapplication inited: "connector-server-2"
[2017-04-11 21:10:22.992] [INFO] pomelo - [32m[/Users/bingbing/pomelo_project/ChessServerPomelo/game-server/node_modules/pomelo/lib/application.js] [39m"connector-server-2" enter after start...
[2017-04-11 21:10:22.996] [INFO] pomelo - [32m[/Users/bingbing/pomelo_project/ChessServerPomelo/game-server/node_modules/pomelo/lib/application.js] [39m"connector-server-2" finish start
[2017-04-11 21:10:22.997] [INFO] pomelo - [32m[/Users/bingbing/pomelo_project/ChessServerPomelo/game-server/node_modules/pomelo/lib/application.js] [39m"connector-server-2" startup in 773 ms
[2017-04-11 21:26:20.262] [INFO] pomelo - [32m[/Users/bingbing/pomelo_project/ChessServerPomelo/game-server/node_modules/pomelo/lib/application.js] [39mapplication inited: "connector-server-2"
[2017-04-11 21:26:21.226] [INFO] pomelo - [32m[/Users/bingbing/pomelo_project/ChessServerPomelo/game-server/node_modules/pomelo/lib/application.js] [39m"connector-server-2" enter after start...
[2017-04-11 21:26:21.228] [DEBUG] pomelo - [36m[/Users/bingbing/pomelo_project/ChessServerPomelo/game-server/node_modules/pomelo/lib/modules/monitorwatcher.js] [39m[connector-server-2] receive addServer signal: {"action":"addServer","server":{"main":"/Users/bingbing/pomelo_project/ChessServerPomelo/game-server/app.js","env":"development","id":"connector-server-1","host":"127.0.0.1","port":4050,"clientPort":3050,"frontend":"true","serverType":"connector","pid":11964}}
[2017-04-11 21:26:21.232] [INFO] pomelo - [32m[/Users/bingbing/pomelo_project/ChessServerPomelo/game-server/node_modules/pomelo/lib/application.js] [39m"connector-server-2" finish start
[2017-04-11 21:26:21.232] [INFO] pomelo - [32m[/Users/bingbing/pomelo_project/ChessServerPomelo/game-server/node_modules/pomelo/lib/application.js] [39m"connector-server-2" startup in 830 ms
[2017-04-11 21:29:10.920] [INFO] pomelo - [32m[/Users/bingbing/pomelo_project/ChessServerPomelo/game-server/node_modules/pomelo/lib/application.js] [39mapplication inited: "connector-server-2"
[2017-04-11 21:29:11.970] [INFO] pomelo - [32m[/Users/bingbing/pomelo_project/ChessServerPomelo/game-server/node_modules/pomelo/lib/application.js] [39m"connector-server-2" enter after start...
[2017-04-11 21:29:11.975] [INFO] pomelo - [32m[/Users/bingbing/pomelo_project/ChessServerPomelo/game-server/node_modules/pomelo/lib/application.js] [39m"connector-server-2" finish start
[2017-04-11 21:29:11.975] [INFO] pomelo - [32m[/Users/bingbing/pomelo_project/ChessServerPomelo/game-server/node_modules/pomelo/lib/application.js] [39m"connector-server-2" startup in 890 ms
[2017-04-11 21:29:12.018] [DEBUG] pomelo - [36m[/Users/bingbing/pomelo_project/ChessServerPomelo/game-server/node_modules/pomelo/lib/modules/monitorwatcher.js] [39m[connector-server-2] receive addServer signal: {"action":"addServer","server":{"main":"/Users/bingbing/pomelo_project/ChessServerPomelo/game-server/app.js","env":"development","id":"gate-server-1","host":"127.0.0.1","clientPort":3014,"frontend":"true","serverType":"gate","pid":12124}}
[2017-04-11 21:30:30.350] [DEBUG] pomelo - [36m[/Users/bingbing/pomelo_project/ChessServerPomelo/game-server/node_modules/pomelo/lib/components/connector.js] [39m[connector-server-2] getSession session is created with session id: 1
[2017-04-11 21:30:30.364] [DEBUG] pomelo - [36m[/Users/bingbing/pomelo_project/ChessServerPomelo/game-server/node_modules/pomelo/lib/components/connector.js] [39m[connector-server-2] handleMessage session id: 1, msg: {"id":2,"type":0,"compressRoute":1,"route":"connector.entryHandler.enter","body":{"username":"a","rid":"1"},"compressGzip":0}
[2017-04-11 21:30:30.368] [DEBUG] pomelo - [36m[/Users/bingbing/pomelo_project/ChessServerPomelo/game-server/node_modules/pomelo/lib/components/connector.js] [39msession on [connector-server-2] bind with uid: a*1
[2017-04-11 21:30:30.392] [DEBUG] pomelo - [36m[/Users/bingbing/pomelo_project/ChessServerPomelo/game-server/node_modules/pomelo/lib/components/connector.js] [39m[connector-server-2] send message reqId: 2, route: connector.entryHandler.enter, msg: {"users":["a"]}, receivers: [1], opts: {"type":"response","userOptions":{},"isResponse":true}
[2017-04-11 21:30:38.040] [DEBUG] pomelo - [36m[/Users/bingbing/pomelo_project/ChessServerPomelo/game-server/node_modules/pomelo/lib/common/remote/frontend/channelRemote.js] [39m[connector-server-2] pushMessage uids: ["a*1"], msg: {"route":"onAdd","user":"b"}, sids: [1]
[2017-04-11 21:30:38.040] [DEBUG] pomelo - [36m[/Users/bingbing/pomelo_project/ChessServerPomelo/game-server/node_modules/pomelo/lib/components/connector.js] [39m[connector-server-2] send message reqId: null, route: onAdd, msg: {"route":"onAdd","user":"b"}, receivers: [1], opts: {"type":"push","userOptions":{},"isPush":true}
[2017-04-11 21:30:44.095] [DEBUG] pomelo - [36m[/Users/bingbing/pomelo_project/ChessServerPomelo/game-server/node_modules/pomelo/lib/common/remote/frontend/channelRemote.js] [39m[connector-server-2] pushMessage uids: ["a*1"], msg: {"msg":"is b","from":"b","target":"*"}, sids: [1]
[2017-04-11 21:30:44.095] [DEBUG] pomelo - [36m[/Users/bingbing/pomelo_project/ChessServerPomelo/game-server/node_modules/pomelo/lib/components/connector.js] [39m[connector-server-2] send message reqId: null, route: onChat, msg: {"msg":"is b","from":"b","target":"*"}, receivers: [1], opts: {"type":"push","userOptions":{},"isPush":true}
[2017-04-11 21:47:32.485] [DEBUG] pomelo - [36m[/Users/bingbing/pomelo_project/ChessServerPomelo/game-server/node_modules/pomelo/lib/components/connector.js] [39m[connector-server-2] getSession session is created with session id: 2
[2017-04-11 21:47:54.844] [DEBUG] pomelo - [36m[/Users/bingbing/pomelo_project/ChessServerPomelo/game-server/node_modules/pomelo/lib/common/service/sessionService.js] [39msession on [connector-server-2] is closed with session id: 2
[2017-04-11 21:48:11.069] [DEBUG] pomelo - [36m[/Users/bingbing/pomelo_project/ChessServerPomelo/game-server/node_modules/pomelo/lib/components/connector.js] [39m[connector-server-2] getSession session is created with session id: 3
[2017-04-11 21:48:16.592] [DEBUG] pomelo - [36m[/Users/bingbing/pomelo_project/ChessServerPomelo/game-server/node_modules/pomelo/lib/common/service/sessionService.js] [39msession on [connector-server-2] is closed with session id: 3
[2017-04-11 21:52:48.628] [DEBUG] pomelo - [36m[/Users/bingbing/pomelo_project/ChessServerPomelo/game-server/node_modules/pomelo/lib/components/connector.js] [39m[connector-server-2] getSession session is created with session id: 4
[2017-04-11 21:52:54.154] [DEBUG] pomelo - [36m[/Users/bingbing/pomelo_project/ChessServerPomelo/game-server/node_modules/pomelo/lib/components/connector.js] [39m[connector-server-2] handleMessage session id: 4, msg: {"id":2,"type":0,"compressRoute":1,"route":"connector.entryHandler.enter","body":{"username":"a","rid":"1"},"compressGzip":0}
[2017-04-11 21:52:54.155] [DEBUG] pomelo - [36m[/Users/bingbing/pomelo_project/ChessServerPomelo/game-server/node_modules/pomelo/lib/components/connector.js] [39m[connector-server-2] send message reqId: 2, route: connector.entryHandler.enter, msg: {"code":500,"error":true}, receivers: [4], opts: {"type":"response","userOptions":{},"isResponse":true}
[2017-04-11 21:52:54.640] [INFO] pomelo - [32m[/Users/bingbing/pomelo_project/ChessServerPomelo/game-server/node_modules/pomelo/lib/connectors/commands/heartbeat.js] [39mclient 4 heartbeat timeout.
[2017-04-11 21:52:54.640] [DEBUG] pomelo - [36m[/Users/bingbing/pomelo_project/ChessServerPomelo/game-server/node_modules/pomelo/lib/common/service/sessionService.js] [39msession on [connector-server-2] is closed with session id: 4
[2017-04-11 21:53:59.097] [DEBUG] pomelo - [36m[/Users/bingbing/pomelo_project/ChessServerPomelo/game-server/node_modules/pomelo/lib/components/connector.js] [39m[connector-server-2] handleMessage session id: 1, msg: {"id":3,"type":0,"compressRoute":1,"route":"chat.chatHandler.send","body":{"rid":"1","content":"11","from":"a","target":"a"},"compressGzip":0}
[2017-04-11 21:53:59.100] [DEBUG] pomelo - [36m[/Users/bingbing/pomelo_project/ChessServerPomelo/game-server/node_modules/pomelo/lib/common/remote/frontend/channelRemote.js] [39m[connector-server-2] pushMessage uids: ["a*1"], msg: {"msg":"11","from":"a","target":"a"}, sids: [1]
[2017-04-11 21:53:59.100] [DEBUG] pomelo - [36m[/Users/bingbing/pomelo_project/ChessServerPomelo/game-server/node_modules/pomelo/lib/components/connector.js] [39m[connector-server-2] send message reqId: null, route: onChat, msg: {"msg":"11","from":"a","target":"a"}, receivers: [1], opts: {"type":"push","userOptions":{},"isPush":true}
[2017-04-11 21:53:59.101] [DEBUG] pomelo - [36m[/Users/bingbing/pomelo_project/ChessServerPomelo/game-server/node_modules/pomelo/lib/components/connector.js] [39m[connector-server-2] send message reqId: 3, route: chat.chatHandler.send, msg: {}, receivers: [1], opts: {"type":"response","userOptions":{},"isResponse":true}
